0 info it worked if it ends with ok
1 verbose cli [ '/Users/shiratoritakashi/.nodebrew/node/v5.4.0/bin/node',
1 verbose cli   '/Users/shiratoritakashi/.nodebrew/current/bin/npm',
1 verbose cli   'run',
1 verbose cli   'start' ]
2 info using npm@3.3.12
3 info using node@v5.4.0
4 verbose run-script [ 'prestart', 'start', 'poststart' ]
5 info lifecycle socket-io-express-generator-gulp-sketch-drawing@0.0.0~prestart: socket-io-express-generator-gulp-sketch-drawing@0.0.0
6 silly lifecycle socket-io-express-generator-gulp-sketch-drawing@0.0.0~prestart: no script for prestart, continuing
7 info lifecycle socket-io-express-generator-gulp-sketch-drawing@0.0.0~start: socket-io-express-generator-gulp-sketch-drawing@0.0.0
8 verbose lifecycle socket-io-express-generator-gulp-sketch-drawing@0.0.0~start: unsafe-perm in lifecycle true
9 verbose lifecycle socket-io-express-generator-gulp-sketch-drawing@0.0.0~start: PATH: /Users/shiratoritakashi/.nodebrew/node/v5.4.0/lib/node_modules/npm/bin/node-gyp-bin:/Users/shiratoritakashi/Documents/study/practice/javascript/node-js/socket-io-express-generator-gulp-sketch-drawing/node_modules/.bin:/Users/shiratoritakashi/.rbenv/shims:/Users/shiratoritakashi/.rbenv/shims:/Users/shiratoritakashi/.rbenv/shims:/Users/shiratoritakashi/.rbenv/shims:/Users/shiratoritakashi/.rbenv/shims:/Users/shiratoritakashi/.rbenv/shims:/Users/shiratoritakashi/.rbenv/shims:/Users/shiratoritakashi/.rbenv/shims:/Users/shiratoritakashi/.rbenv/shims:/Users/shiratoritakashi/.rbenv/shims:/Users/shiratoritakashi/.rbenv/shims:/Users/shiratoritakashi/.rbenv/shims:/Users/shiratoritakashi/.rbenv/shims:/Users/shiratoritakashi/.rbenv/shims:/Users/shiratoritakashi/.rbenv/shims:/Users/shiratoritakashi/.rbenv/shims:/Users/shiratoritakashi/.rbenv/shims:/Users/shiratoritakashi/.rbenv/shims:/Users/shiratoritakashi/.rbenv/shims:/Users/shiratoritakashi/.rbenv/shims:/Users/shiratoritakashi/.rbenv/shims:/Users/shiratoritakashi/.rbenv/shims:/Users/shiratoritakashi/.rbenv/shims:/Users/shiratoritakashi/.rbenv/shims:/Users/shiratoritakashi/.rbenv/shims:/Users/shiratoritakashi/.rbenv/shims:/Users/shiratoritakashi/.rbenv/shims:/Users/shiratoritakashi/.rbenv/shims:/Users/shiratoritakashi/.rbenv/shims:/Users/shiratoritakashi/.rbenv/shims:/Users/shiratoritakashi/.rbenv/shims:/Users/shiratoritakashi/.rbenv/shims:/Users/shiratoritakashi/.rbenv/shims:/Users/shiratoritakashi/.rbenv/shims:/Users/shiratoritakashi/.rbenv/shims:/Users/shiratoritakashi/.rbenv/shims:/Users/shiratoritakashi/.rbenv/shims:/Users/shiratoritakashi/.rbenv/shims:/Users/shiratoritakashi/.rbenv/shims:/Users/shiratoritakashi/.rbenv/shims:/Users/shiratoritakashi/.rbenv/shims:/Users/shiratoritakashi/.rbenv/shims:/Users/shiratoritakashi/.rbenv/shims:/Users/shiratoritakashi/.rbenv/shims:/Users/shiratoritakashi/.rbenv/shims:/Users/shiratoritakashi/.rbenv/shims:/Users/shiratoritakashi/.rbenv/shims:/Users/shiratoritakashi/.rbenv/shims:/Users/shiratoritakashi/.rbenv/shims:/Users/shiratoritakashi/.rbenv/shims:/Users/shiratoritakashi/.rbenv/shims:/Users/shiratoritakashi/.rbenv/shims:/Users/shiratoritakashi/.rbenv/shims:/Users/shiratoritakashi/.rbenv/shims:/Users/shiratoritakashi/.rbenv/shims:/Users/shiratoritakashi/.rbenv/shims:/Users/shiratoritakashi/.rbenv/shims:/Users/shiratoritakashi/.rbenv/shims:/Users/shiratoritakashi/.rbenv/shims:/Users/shiratoritakashi/.rbenv/shims:/Users/shiratoritakashi/.rbenv/shims:/Users/shiratoritakashi/.rbenv/shims:/Users/shiratoritakashi/.rbenv/shims:/Users/shiratoritakashi/.rbenv/shims:/Users/shiratoritakashi/.rbenv/shims:/Users/shiratoritakashi/.rbenv/shims:/Users/shiratoritakashi/.rbenv/shims:/Users/shiratoritakashi/.rbenv/shims:/Users/shiratoritakashi/.rbenv/shims:/Users/shiratoritakashi/.rbenv/shims:/Users/shiratoritakashi/.rbenv/shims:/Users/shiratoritakashi/.rbenv/shims:/Users/shiratoritakashi/.rbenv/shims:/Users/shiratoritakashi/.rbenv/shims:/Users/shiratoritakashi/.rbenv/shims:/Users/shiratoritakashi/.rbenv/shims:/Users/shiratoritakashi/.rbenv/shims:/Users/shiratoritakashi/.rbenv/shims:/Users/shiratoritakashi/.rbenv/shims:/Users/shiratoritakashi/.rbenv/shims:/Users/shiratoritakashi/.rbenv/shims:/Users/shiratoritakashi/.rbenv/shims:/Users/shiratoritakashi/.rbenv/shims:/Users/shiratoritakashi/.rbenv/shims:/Users/shiratoritakashi/.rbenv/shims:/Users/shiratoritakashi/.rbenv/shims:/Users/shiratoritakashi/.rbenv/shims:/Users/shiratoritakashi/.rbenv/shims:/Users/shiratoritakashi/.rbenv/shims:/Users/shiratoritakashi/.rbenv/shims:/Users/shiratoritakashi/.rbenv/shims:/Users/shiratoritakashi/.rbenv/shims:/Users/shiratoritakashi/.rbenv/shims:/Users/shiratoritakashi/.rbenv/shims:/Users/shiratoritakashi/.rbenv/shims:/Users/shiratoritakashi/.rbenv/shims:/Users/shiratoritakashi/.rbenv/shims:/Users/shiratoritakashi/.rbenv/shims:/Users/shiratoritakashi/.rbenv/shims:/Users/shiratoritakashi/.rbenv/shims:/Users/shiratoritakashi/.rbenv/shims:/Users/shiratoritakashi/.rbenv/shims:/Users/shiratoritakashi/.rbenv/shims:/Users/shiratoritakashi/.rbenv/shims:/Users/shiratoritakashi/.rbenv/shims:/Users/shiratoritakashi/.rbenv/shims:/Users/shiratoritakashi/.rbenv/shims:/Users/shiratoritakashi/.rbenv/shims:/Users/shiratoritakashi/.rbenv/shims:/Users/shiratoritakashi/.rbenv/shims:/Users/shiratoritakashi/.rbenv/shims:/Users/shiratoritakashi/.rbenv/shims:/Users/shiratoritakashi/.rbenv/shims:/Users/shiratoritakashi/.rbenv/shims:/Users/shiratoritakashi/.rbenv/shims:/Users/shiratoritakashi/.rbenv/shims:/Users/shiratoritakashi/.rbenv/shims:/Users/shiratoritakashi/.rbenv/shims:/Users/shiratoritakashi/.rbenv/shims:/Users/shiratoritakashi/.rbenv/shims:/Users/shiratoritakashi/.rbenv/shims:/Users/shiratoritakashi/.rbenv/shims:/Users/shiratoritakashi/.rbenv/shims:/Users/shiratoritakashi/.rbenv/shims:/Users/shiratoritakashi/.rbenv/shims:/Users/shiratoritakashi/.rbenv/shims:/Users/shiratoritakashi/.rbenv/shims:/Users/shiratoritakashi/.rbenv/shims:/Users/shiratoritakashi/.rbenv/shims:/Users/shiratoritakashi/.rbenv/shims:/Users/shiratoritakashi/.rbenv/shims:/Users/shiratoritakashi/.rbenv/shims:/Users/shiratoritakashi/.rbenv/shims:/Users/shiratoritakashi/.rbenv/shims:/Users/shiratoritakashi/.rbenv/shims:/Users/shiratoritakashi/.rbenv/shims:/Users/shiratoritakashi/.rbenv/shims:/Users/shiratoritakashi/.rbenv/shims:/Users/shiratoritakashi/.rbenv/shims:/Users/shiratoritakashi/.rbenv/shims:/Users/shiratoritakashi/.rbenv/shims:/Users/shiratoritakashi/.rbenv/shims:/Users/shiratoritakashi/.rbenv/shims:/Users/shiratoritakashi/.nodebrew/current/bin:/usr/local/bin:/usr/bin:/bin:/usr/sbin:/sbin
10 verbose lifecycle socket-io-express-generator-gulp-sketch-drawing@0.0.0~start: CWD: /Users/shiratoritakashi/Documents/study/practice/javascript/node-js/socket-io-express-generator-gulp-sketch-drawing
11 silly lifecycle socket-io-express-generator-gulp-sketch-drawing@0.0.0~start: Args: [ '-c', 'node ./bin/www' ]
12 silly lifecycle socket-io-express-generator-gulp-sketch-drawing@0.0.0~start: Returned: code: 1  signal: null
13 info lifecycle socket-io-express-generator-gulp-sketch-drawing@0.0.0~start: Failed to exec start script
14 verbose stack Error: socket-io-express-generator-gulp-sketch-drawing@0.0.0 start: `node ./bin/www`
14 verbose stack Exit status 1
14 verbose stack     at EventEmitter.<anonymous> (/Users/shiratoritakashi/.nodebrew/node/v5.4.0/lib/node_modules/npm/lib/utils/lifecycle.js:232:16)
14 verbose stack     at emitTwo (events.js:87:13)
14 verbose stack     at EventEmitter.emit (events.js:172:7)
14 verbose stack     at ChildProcess.<anonymous> (/Users/shiratoritakashi/.nodebrew/node/v5.4.0/lib/node_modules/npm/lib/utils/spawn.js:24:14)
14 verbose stack     at emitTwo (events.js:87:13)
14 verbose stack     at ChildProcess.emit (events.js:172:7)
14 verbose stack     at maybeClose (internal/child_process.js:821:16)
14 verbose stack     at Process.ChildProcess._handle.onexit (internal/child_process.js:211:5)
15 verbose pkgid socket-io-express-generator-gulp-sketch-drawing@0.0.0
16 verbose cwd /Users/shiratoritakashi/Documents/study/practice/javascript/node-js/socket-io-express-generator-gulp-sketch-drawing
17 error Darwin 14.5.0
18 error argv "/Users/shiratoritakashi/.nodebrew/node/v5.4.0/bin/node" "/Users/shiratoritakashi/.nodebrew/current/bin/npm" "run" "start"
19 error node v5.4.0
20 error npm  v3.3.12
21 error code ELIFECYCLE
22 error socket-io-express-generator-gulp-sketch-drawing@0.0.0 start: `node ./bin/www`
22 error Exit status 1
23 error Failed at the socket-io-express-generator-gulp-sketch-drawing@0.0.0 start script 'node ./bin/www'.
23 error Make sure you have the latest version of node.js and npm installed.
23 error If you do, this is most likely a problem with the socket-io-express-generator-gulp-sketch-drawing package,
23 error not with npm itself.
23 error Tell the author that this fails on your system:
23 error     node ./bin/www
23 error You can get their info via:
23 error     npm owner ls socket-io-express-generator-gulp-sketch-drawing
23 error There is likely additional logging output above.
24 verbose exit [ 1, true ]
